Arguments: 
  /Users/mprokopowicz/.nvm/versions/node/v8.10.0/bin/node /usr/local/Cellar/yarn/1.5.1_1/libexec/bin/yarn.js lint

PATH: 
  /Users/mprokopowicz/.autojump/bin:/Users/mprokopowicz/.nvm/versions/node/v8.10.0/bin:/Users/mprokopowicz/.autojump/bin:/usr/local/bin:/usr/bin:/bin:/usr/sbin:/sbin:/usr/local/MacGPG2/bin

Yarn version: 
  1.5.1

Node version: 
  8.10.0

Platform: 
  darwin x64

npm manifest: 
  {
    "name": "@mprokopowicz/jxa-executor",
    "version": "1.1.0-0",
    "description": "Just a promisified version of \"osa\" module.",
    "main": "lib/index.js",
    "author": "Michał Prokopowicz <micheal.prokopowicz@gmail.com>",
    "license": "MIT",
    "scripts": {
      "build": "rm-cli -r -ss lib && copyfiles \"src/**/*\" -e \"src/**/*.test.js\" -u 1 lib",
      "lint": "eslint src examples",
      "test": "mocha \"src/**/*.test.js\"",
      "prepublish": "yarn test && yarn lint"
    },
    "files": [
      "lib/**/*"
    ],
    "dependencies": {
      "debug": "^3.1.0",
      "osa": "^2.5.0"
    },
    "devDependencies": {
      "chai": "^4.1.2",
      "chai-as-promised": "^7.1.1",
      "copyfiles": "^2.0.0",
      "eslint": "^4.19.1",
      "mocha": "^5.1.0",
      "rm-cli": "^1.4.2",
      "sinon": "^4.5.0",
      "sinon-chai": "^3.0.0"
    }
  }

yarn manifest: 
  No manifest

Lockfile: 
  No lockfile

Trace: 
  Error: Command failed.
  Exit code: 1
  Command: sh
  Arguments: -c eslint src examples
  Directory: /Users/mprokopowicz/projects/scripts/packages/jxa-executor
  Output:
  
      at ProcessTermError.MessageError (/usr/local/Cellar/yarn/1.5.1_1/libexec/lib/cli.js:186:110)
      at new ProcessTermError (/usr/local/Cellar/yarn/1.5.1_1/libexec/lib/cli.js:226:113)
      at ChildProcess.<anonymous> (/usr/local/Cellar/yarn/1.5.1_1/libexec/lib/cli.js:30281:17)
      at emitTwo (events.js:126:13)
      at ChildProcess.emit (events.js:214:7)
      at maybeClose (internal/child_process.js:925:16)
      at Process.ChildProcess._handle.onexit (internal/child_process.js:209:5)
